[0.022s] Invoking command in '/home/pmlab/Documents/match_pm_robot_unity/build/ament_cmake_export_assemblies': CMAKE_PREFIX_PATH=${CMAKE_PREFIX_PATH}:/home/pmlab/pm_ros2_ws/install/tf2_tools:/home/pmlab/pm_ros2_ws/install/examples_tf2_py:/home/pmlab/pm_ros2_ws/install/tf2_ros_py:/home/pmlab/pm_ros2_ws/install/sensor_msgs_py:/home/pmlab/pm_ros2_ws/install/pm_robot_control_test:/opt/ros/humble /usr/bin/cmake /home/pmlab/Documents/match_pm_robot_unity/ros2cs/src/external/build_tools/ament_cmake_export_assemblies -DCMAKE_INSTALL_PREFIX=/home/pmlab/Documents/match_pm_robot_unity/install/ament_cmake_export_assemblies
[0.036s] -- Found ament_cmake_core: 1.3.5 (/opt/ros/humble/share/ament_cmake_core/cmake)
[0.206s] -- Found Python3: /usr/bin/python3.10 (found version "3.10.12") found components: Interpreter 
[0.321s] -- Configuring done
[0.322s] -- Generating done
[0.323s] -- Build files have been written to: /home/pmlab/Documents/match_pm_robot_unity/build/ament_cmake_export_assemblies
[0.325s] Invoked command in '/home/pmlab/Documents/match_pm_robot_unity/build/ament_cmake_export_assemblies' returned '0': CMAKE_PREFIX_PATH=${CMAKE_PREFIX_PATH}:/home/pmlab/pm_ros2_ws/install/tf2_tools:/home/pmlab/pm_ros2_ws/install/examples_tf2_py:/home/pmlab/pm_ros2_ws/install/tf2_ros_py:/home/pmlab/pm_ros2_ws/install/sensor_msgs_py:/home/pmlab/pm_ros2_ws/install/pm_robot_control_test:/opt/ros/humble /usr/bin/cmake /home/pmlab/Documents/match_pm_robot_unity/ros2cs/src/external/build_tools/ament_cmake_export_assemblies -DCMAKE_INSTALL_PREFIX=/home/pmlab/Documents/match_pm_robot_unity/install/ament_cmake_export_assemblies
[0.326s] Invoking command in '/home/pmlab/Documents/match_pm_robot_unity/build/ament_cmake_export_assemblies': CMAKE_PREFIX_PATH=${CMAKE_PREFIX_PATH}:/home/pmlab/pm_ros2_ws/install/tf2_tools:/home/pmlab/pm_ros2_ws/install/examples_tf2_py:/home/pmlab/pm_ros2_ws/install/tf2_ros_py:/home/pmlab/pm_ros2_ws/install/sensor_msgs_py:/home/pmlab/pm_ros2_ws/install/pm_robot_control_test:/opt/ros/humble /usr/bin/cmake --build /home/pmlab/Documents/match_pm_robot_unity/build/ament_cmake_export_assemblies -- -j12 -l12
[0.356s] Invoked command in '/home/pmlab/Documents/match_pm_robot_unity/build/ament_cmake_export_assemblies' returned '0': CMAKE_PREFIX_PATH=${CMAKE_PREFIX_PATH}:/home/pmlab/pm_ros2_ws/install/tf2_tools:/home/pmlab/pm_ros2_ws/install/examples_tf2_py:/home/pmlab/pm_ros2_ws/install/tf2_ros_py:/home/pmlab/pm_ros2_ws/install/sensor_msgs_py:/home/pmlab/pm_ros2_ws/install/pm_robot_control_test:/opt/ros/humble /usr/bin/cmake --build /home/pmlab/Documents/match_pm_robot_unity/build/ament_cmake_export_assemblies -- -j12 -l12
[0.386s] Invoking command in '/home/pmlab/Documents/match_pm_robot_unity/build/ament_cmake_export_assemblies': CMAKE_PREFIX_PATH=${CMAKE_PREFIX_PATH}:/home/pmlab/pm_ros2_ws/install/tf2_tools:/home/pmlab/pm_ros2_ws/install/examples_tf2_py:/home/pmlab/pm_ros2_ws/install/tf2_ros_py:/home/pmlab/pm_ros2_ws/install/sensor_msgs_py:/home/pmlab/pm_ros2_ws/install/pm_robot_control_test:/opt/ros/humble /usr/bin/cmake --install /home/pmlab/Documents/match_pm_robot_unity/build/ament_cmake_export_assemblies
[0.393s] -- Install configuration: ""
[0.393s] -- Installing: /home/pmlab/Documents/match_pm_robot_unity/install/ament_cmake_export_assemblies/share/ament_index/resource_index/package_run_dependencies/ament_cmake_export_assemblies
[0.393s] -- Installing: /home/pmlab/Documents/match_pm_robot_unity/install/ament_cmake_export_assemblies/share/ament_index/resource_index/parent_prefix_path/ament_cmake_export_assemblies
[0.393s] -- Up-to-date: /home/pmlab/Documents/match_pm_robot_unity/install/ament_cmake_export_assemblies/share/ament_cmake_export_assemblies/environment/ament_prefix_path.sh
[0.393s] -- Installing: /home/pmlab/Documents/match_pm_robot_unity/install/ament_cmake_export_assemblies/share/ament_cmake_export_assemblies/environment/ament_prefix_path.dsv
[0.393s] -- Up-to-date: /home/pmlab/Documents/match_pm_robot_unity/install/ament_cmake_export_assemblies/share/ament_cmake_export_assemblies/environment/path.sh
[0.394s] -- Installing: /home/pmlab/Documents/match_pm_robot_unity/install/ament_cmake_export_assemblies/share/ament_cmake_export_assemblies/environment/path.dsv
[0.394s] -- Installing: /home/pmlab/Documents/match_pm_robot_unity/install/ament_cmake_export_assemblies/share/ament_cmake_export_assemblies/local_setup.bash
[0.394s] -- Installing: /home/pmlab/Documents/match_pm_robot_unity/install/ament_cmake_export_assemblies/share/ament_cmake_export_assemblies/local_setup.sh
[0.394s] -- Installing: /home/pmlab/Documents/match_pm_robot_unity/install/ament_cmake_export_assemblies/share/ament_cmake_export_assemblies/local_setup.zsh
[0.394s] -- Installing: /home/pmlab/Documents/match_pm_robot_unity/install/ament_cmake_export_assemblies/share/ament_cmake_export_assemblies/local_setup.dsv
[0.394s] -- Installing: /home/pmlab/Documents/match_pm_robot_unity/install/ament_cmake_export_assemblies/share/ament_cmake_export_assemblies/package.dsv
[0.394s] -- Installing: /home/pmlab/Documents/match_pm_robot_unity/install/ament_cmake_export_assemblies/share/ament_index/resource_index/packages/ament_cmake_export_assemblies
[0.394s] -- Up-to-date: /home/pmlab/Documents/match_pm_robot_unity/install/ament_cmake_export_assemblies/share/ament_cmake_export_assemblies/cmake/ament_cmake_export_assemblies-extras.cmake
[0.394s] -- Installing: /home/pmlab/Documents/match_pm_robot_unity/install/ament_cmake_export_assemblies/share/ament_cmake_export_assemblies/cmake/ament_cmake_export_assembliesConfig.cmake
[0.394s] -- Installing: /home/pmlab/Documents/match_pm_robot_unity/install/ament_cmake_export_assemblies/share/ament_cmake_export_assemblies/cmake/ament_cmake_export_assembliesConfig-version.cmake
[0.395s] -- Up-to-date: /home/pmlab/Documents/match_pm_robot_unity/install/ament_cmake_export_assemblies/share/ament_cmake_export_assemblies/package.xml
[0.395s] -- Up-to-date: /home/pmlab/Documents/match_pm_robot_unity/install/ament_cmake_export_assemblies/share/ament_cmake_export_assemblies/cmake
[0.395s] -- Up-to-date: /home/pmlab/Documents/match_pm_robot_unity/install/ament_cmake_export_assemblies/share/ament_cmake_export_assemblies/cmake/ament_cmake_export_assemblies-extras.cmake.in
[0.395s] -- Up-to-date: /home/pmlab/Documents/match_pm_robot_unity/install/ament_cmake_export_assemblies/share/ament_cmake_export_assemblies/cmake/ament_cmake_export_assemblies_package_hook.cmake
[0.395s] -- Up-to-date: /home/pmlab/Documents/match_pm_robot_unity/install/ament_cmake_export_assemblies/share/ament_cmake_export_assemblies/cmake/ament_export_assemblies.cmake
[0.397s] Invoked command in '/home/pmlab/Documents/match_pm_robot_unity/build/ament_cmake_export_assemblies' returned '0': CMAKE_PREFIX_PATH=${CMAKE_PREFIX_PATH}:/home/pmlab/pm_ros2_ws/install/tf2_tools:/home/pmlab/pm_ros2_ws/install/examples_tf2_py:/home/pmlab/pm_ros2_ws/install/tf2_ros_py:/home/pmlab/pm_ros2_ws/install/sensor_msgs_py:/home/pmlab/pm_ros2_ws/install/pm_robot_control_test:/opt/ros/humble /usr/bin/cmake --install /home/pmlab/Documents/match_pm_robot_unity/build/ament_cmake_export_assemblies
