-- Install configuration: ""
-- Up-to-date: /home/pmlab/Documents/match_pm_robot_unity/install/dotnet_cmake_module/share/ament_index/resource_index/package_run_dependencies/dotnet_cmake_module
-- Up-to-date: /home/pmlab/Documents/match_pm_robot_unity/install/dotnet_cmake_module/share/ament_index/resource_index/parent_prefix_path/dotnet_cmake_module
-- Up-to-date: /home/pmlab/Documents/match_pm_robot_unity/install/dotnet_cmake_module/share/dotnet_cmake_module/environment/ament_prefix_path.sh
-- Up-to-date: /home/pmlab/Documents/match_pm_robot_unity/install/dotnet_cmake_module/share/dotnet_cmake_module/environment/ament_prefix_path.dsv
-- Up-to-date: /home/pmlab/Documents/match_pm_robot_unity/install/dotnet_cmake_module/share/dotnet_cmake_module/environment/path.sh
-- Up-to-date: /home/pmlab/Documents/match_pm_robot_unity/install/dotnet_cmake_module/share/dotnet_cmake_module/environment/path.dsv
-- Up-to-date: /home/pmlab/Documents/match_pm_robot_unity/install/dotnet_cmake_module/share/dotnet_cmake_module/local_setup.bash
-- Up-to-date: /home/pmlab/Documents/match_pm_robot_unity/install/dotnet_cmake_module/share/dotnet_cmake_module/local_setup.sh
-- Up-to-date: /home/pmlab/Documents/match_pm_robot_unity/install/dotnet_cmake_module/share/dotnet_cmake_module/local_setup.zsh
-- Up-to-date: /home/pmlab/Documents/match_pm_robot_unity/install/dotnet_cmake_module/share/dotnet_cmake_module/local_setup.dsv
-- Installing: /home/pmlab/Documents/match_pm_robot_unity/install/dotnet_cmake_module/share/dotnet_cmake_module/package.dsv
-- Up-to-date: /home/pmlab/Documents/match_pm_robot_unity/install/dotnet_cmake_module/share/ament_index/resource_index/packages/dotnet_cmake_module
-- Up-to-date: /home/pmlab/Documents/match_pm_robot_unity/install/dotnet_cmake_module/share/dotnet_cmake_module/cmake/dotnet_cmake_module-extras.cmake
-- Up-to-date: /home/pmlab/Documents/match_pm_robot_unity/install/dotnet_cmake_module/share/dotnet_cmake_module/cmake/dotnet_cmake_moduleConfig.cmake
-- Up-to-date: /home/pmlab/Documents/match_pm_robot_unity/install/dotnet_cmake_module/share/dotnet_cmake_module/cmake/dotnet_cmake_moduleConfig-version.cmake
-- Up-to-date: /home/pmlab/Documents/match_pm_robot_unity/install/dotnet_cmake_module/share/dotnet_cmake_module/package.xml
-- Up-to-date: /home/pmlab/Documents/match_pm_robot_unity/install/dotnet_cmake_module/share/dotnet_cmake_module/cmake
-- Up-to-date: /home/pmlab/Documents/match_pm_robot_unity/install/dotnet_cmake_module/share/dotnet_cmake_module/cmake/Modules
-- Up-to-date: /home/pmlab/Documents/match_pm_robot_unity/install/dotnet_cmake_module/share/dotnet_cmake_module/cmake/Modules/FindCSBuild.cmake
-- Up-to-date: /home/pmlab/Documents/match_pm_robot_unity/install/dotnet_cmake_module/share/dotnet_cmake_module/cmake/Modules/dotnet
-- Up-to-date: /home/pmlab/Documents/match_pm_robot_unity/install/dotnet_cmake_module/share/dotnet_cmake_module/cmake/Modules/dotnet/packages.config.in
-- Up-to-date: /home/pmlab/Documents/match_pm_robot_unity/install/dotnet_cmake_module/share/dotnet_cmake_module/cmake/Modules/dotnet/Directory.Build.props.in
-- Up-to-date: /home/pmlab/Documents/match_pm_robot_unity/install/dotnet_cmake_module/share/dotnet_cmake_module/cmake/Modules/dotnet/entry_point.unix.in
-- Up-to-date: /home/pmlab/Documents/match_pm_robot_unity/install/dotnet_cmake_module/share/dotnet_cmake_module/cmake/Modules/dotnet/msbuild.csproj.in
-- Up-to-date: /home/pmlab/Documents/match_pm_robot_unity/install/dotnet_cmake_module/share/dotnet_cmake_module/cmake/Modules/dotnet/dotnetcore.csproj.in
-- Up-to-date: /home/pmlab/Documents/match_pm_robot_unity/install/dotnet_cmake_module/share/dotnet_cmake_module/cmake/Modules/dotnet/FindDotNetCore.cmake
-- Up-to-date: /home/pmlab/Documents/match_pm_robot_unity/install/dotnet_cmake_module/share/dotnet_cmake_module/cmake/Modules/dotnet/FindMono.cmake
-- Up-to-date: /home/pmlab/Documents/match_pm_robot_unity/install/dotnet_cmake_module/share/dotnet_cmake_module/cmake/Modules/dotnet/entry_point.windows.in
-- Up-to-date: /home/pmlab/Documents/match_pm_robot_unity/install/dotnet_cmake_module/share/dotnet_cmake_module/cmake/Modules/dotnet/UseCSharpProjectBuilder.cmake
-- Up-to-date: /home/pmlab/Documents/match_pm_robot_unity/install/dotnet_cmake_module/share/dotnet_cmake_module/cmake/Modules/FindDotNETExtra.cmake
-- Up-to-date: /home/pmlab/Documents/match_pm_robot_unity/install/dotnet_cmake_module/share/dotnet_cmake_module/cmake/ConfigureFile.cmake
