[0.022s] Invoking command in '/home/pmlab/Documents/match_pm_robot_unity/build/ament_cmake_export_assemblies': CMAKE_PREFIX_PATH=${CMAKE_PREFIX_PATH}:/home/pmlab/pm_ros2_ws/install/tf2_tools:/home/pmlab/pm_ros2_ws/install/examples_tf2_py:/home/pmlab/pm_ros2_ws/install/tf2_ros_py:/home/pmlab/pm_ros2_ws/install/sensor_msgs_py:/home/pmlab/pm_ros2_ws/install/pm_robot_control_test:/opt/ros/humble /usr/bin/cmake --build /home/pmlab/Documents/match_pm_robot_unity/build/ament_cmake_export_assemblies -- -j12 -l12
[0.052s] Invoked command in '/home/pmlab/Documents/match_pm_robot_unity/build/ament_cmake_export_assemblies' returned '0': CMAKE_PREFIX_PATH=${CMAKE_PREFIX_PATH}:/home/pmlab/pm_ros2_ws/install/tf2_tools:/home/pmlab/pm_ros2_ws/install/examples_tf2_py:/home/pmlab/pm_ros2_ws/install/tf2_ros_py:/home/pmlab/pm_ros2_ws/install/sensor_msgs_py:/home/pmlab/pm_ros2_ws/install/pm_robot_control_test:/opt/ros/humble /usr/bin/cmake --build /home/pmlab/Documents/match_pm_robot_unity/build/ament_cmake_export_assemblies -- -j12 -l12
[0.077s] Invoking command in '/home/pmlab/Documents/match_pm_robot_unity/build/ament_cmake_export_assemblies': CMAKE_PREFIX_PATH=${CMAKE_PREFIX_PATH}:/home/pmlab/pm_ros2_ws/install/tf2_tools:/home/pmlab/pm_ros2_ws/install/examples_tf2_py:/home/pmlab/pm_ros2_ws/install/tf2_ros_py:/home/pmlab/pm_ros2_ws/install/sensor_msgs_py:/home/pmlab/pm_ros2_ws/install/pm_robot_control_test:/opt/ros/humble /usr/bin/cmake --install /home/pmlab/Documents/match_pm_robot_unity/build/ament_cmake_export_assemblies
[0.084s] -- Install configuration: ""
[0.087s] -- Installing: /home/pmlab/Documents/match_pm_robot_unity/install/ament_cmake_export_assemblies/share/ament_index/resource_index/package_run_dependencies/ament_cmake_export_assemblies
[0.087s] -- Installing: /home/pmlab/Documents/match_pm_robot_unity/install/ament_cmake_export_assemblies/share/ament_index/resource_index/parent_prefix_path/ament_cmake_export_assemblies
[0.087s] -- Installing: /home/pmlab/Documents/match_pm_robot_unity/install/ament_cmake_export_assemblies/share/ament_cmake_export_assemblies/environment/ament_prefix_path.sh
[0.087s] -- Installing: /home/pmlab/Documents/match_pm_robot_unity/install/ament_cmake_export_assemblies/share/ament_cmake_export_assemblies/environment/ament_prefix_path.dsv
[0.087s] -- Installing: /home/pmlab/Documents/match_pm_robot_unity/install/ament_cmake_export_assemblies/share/ament_cmake_export_assemblies/environment/path.sh
[0.087s] -- Installing: /home/pmlab/Documents/match_pm_robot_unity/install/ament_cmake_export_assemblies/share/ament_cmake_export_assemblies/environment/path.dsv
[0.088s] -- Installing: /home/pmlab/Documents/match_pm_robot_unity/install/ament_cmake_export_assemblies/share/ament_cmake_export_assemblies/local_setup.bash
[0.088s] -- Installing: /home/pmlab/Documents/match_pm_robot_unity/install/ament_cmake_export_assemblies/share/ament_cmake_export_assemblies/local_setup.sh
[0.088s] -- Installing: /home/pmlab/Documents/match_pm_robot_unity/install/ament_cmake_export_assemblies/share/ament_cmake_export_assemblies/local_setup.zsh
[0.088s] -- Installing: /home/pmlab/Documents/match_pm_robot_unity/install/ament_cmake_export_assemblies/share/ament_cmake_export_assemblies/local_setup.dsv
[0.089s] -- Installing: /home/pmlab/Documents/match_pm_robot_unity/install/ament_cmake_export_assemblies/share/ament_cmake_export_assemblies/package.dsv
[0.089s] -- Installing: /home/pmlab/Documents/match_pm_robot_unity/install/ament_cmake_export_assemblies/share/ament_index/resource_index/packages/ament_cmake_export_assemblies
[0.089s] -- Installing: /home/pmlab/Documents/match_pm_robot_unity/install/ament_cmake_export_assemblies/share/ament_cmake_export_assemblies/cmake/ament_cmake_export_assemblies-extras.cmake
[0.090s] -- Installing: /home/pmlab/Documents/match_pm_robot_unity/install/ament_cmake_export_assemblies/share/ament_cmake_export_assemblies/cmake/ament_cmake_export_assembliesConfig.cmake
[0.091s] -- Installing: /home/pmlab/Documents/match_pm_robot_unity/install/ament_cmake_export_assemblies/share/ament_cmake_export_assemblies/cmake/ament_cmake_export_assembliesConfig-version.cmake
[0.091s] -- Installing: /home/pmlab/Documents/match_pm_robot_unity/install/ament_cmake_export_assemblies/share/ament_cmake_export_assemblies/package.xml
[0.091s] -- Up-to-date: /home/pmlab/Documents/match_pm_robot_unity/install/ament_cmake_export_assemblies/share/ament_cmake_export_assemblies/cmake
[0.091s] -- Installing: /home/pmlab/Documents/match_pm_robot_unity/install/ament_cmake_export_assemblies/share/ament_cmake_export_assemblies/cmake/ament_cmake_export_assemblies-extras.cmake.in
[0.091s] -- Installing: /home/pmlab/Documents/match_pm_robot_unity/install/ament_cmake_export_assemblies/share/ament_cmake_export_assemblies/cmake/ament_cmake_export_assemblies_package_hook.cmake
[0.091s] -- Installing: /home/pmlab/Documents/match_pm_robot_unity/install/ament_cmake_export_assemblies/share/ament_cmake_export_assemblies/cmake/ament_export_assemblies.cmake
[0.108s] Invoked command in '/home/pmlab/Documents/match_pm_robot_unity/build/ament_cmake_export_assemblies' returned '0': CMAKE_PREFIX_PATH=${CMAKE_PREFIX_PATH}:/home/pmlab/pm_ros2_ws/install/tf2_tools:/home/pmlab/pm_ros2_ws/install/examples_tf2_py:/home/pmlab/pm_ros2_ws/install/tf2_ros_py:/home/pmlab/pm_ros2_ws/install/sensor_msgs_py:/home/pmlab/pm_ros2_ws/install/pm_robot_control_test:/opt/ros/humble /usr/bin/cmake --install /home/pmlab/Documents/match_pm_robot_unity/build/ament_cmake_export_assemblies
