-- Install configuration: ""
-- Up-to-date: /home/pmlab/Documents/match_pm_robot_unity/install/ament_cmake_export_assemblies/share/ament_index/resource_index/package_run_dependencies/ament_cmake_export_assemblies
-- Up-to-date: /home/pmlab/Documents/match_pm_robot_unity/install/ament_cmake_export_assemblies/share/ament_index/resource_index/parent_prefix_path/ament_cmake_export_assemblies
-- Up-to-date: /home/pmlab/Documents/match_pm_robot_unity/install/ament_cmake_export_assemblies/share/ament_cmake_export_assemblies/environment/ament_prefix_path.sh
-- Up-to-date: /home/pmlab/Documents/match_pm_robot_unity/install/ament_cmake_export_assemblies/share/ament_cmake_export_assemblies/environment/ament_prefix_path.dsv
-- Up-to-date: /home/pmlab/Documents/match_pm_robot_unity/install/ament_cmake_export_assemblies/share/ament_cmake_export_assemblies/environment/path.sh
-- Up-to-date: /home/pmlab/Documents/match_pm_robot_unity/install/ament_cmake_export_assemblies/share/ament_cmake_export_assemblies/environment/path.dsv
-- Up-to-date: /home/pmlab/Documents/match_pm_robot_unity/install/ament_cmake_export_assemblies/share/ament_cmake_export_assemblies/local_setup.bash
-- Up-to-date: /home/pmlab/Documents/match_pm_robot_unity/install/ament_cmake_export_assemblies/share/ament_cmake_export_assemblies/local_setup.sh
-- Up-to-date: /home/pmlab/Documents/match_pm_robot_unity/install/ament_cmake_export_assemblies/share/ament_cmake_export_assemblies/local_setup.zsh
-- Up-to-date: /home/pmlab/Documents/match_pm_robot_unity/install/ament_cmake_export_assemblies/share/ament_cmake_export_assemblies/local_setup.dsv
-- Installing: /home/pmlab/Documents/match_pm_robot_unity/install/ament_cmake_export_assemblies/share/ament_cmake_export_assemblies/package.dsv
-- Up-to-date: /home/pmlab/Documents/match_pm_robot_unity/install/ament_cmake_export_assemblies/share/ament_index/resource_index/packages/ament_cmake_export_assemblies
-- Up-to-date: /home/pmlab/Documents/match_pm_robot_unity/install/ament_cmake_export_assemblies/share/ament_cmake_export_assemblies/cmake/ament_cmake_export_assemblies-extras.cmake
-- Up-to-date: /home/pmlab/Documents/match_pm_robot_unity/install/ament_cmake_export_assemblies/share/ament_cmake_export_assemblies/cmake/ament_cmake_export_assembliesConfig.cmake
-- Up-to-date: /home/pmlab/Documents/match_pm_robot_unity/install/ament_cmake_export_assemblies/share/ament_cmake_export_assemblies/cmake/ament_cmake_export_assembliesConfig-version.cmake
-- Up-to-date: /home/pmlab/Documents/match_pm_robot_unity/install/ament_cmake_export_assemblies/share/ament_cmake_export_assemblies/package.xml
-- Up-to-date: /home/pmlab/Documents/match_pm_robot_unity/install/ament_cmake_export_assemblies/share/ament_cmake_export_assemblies/cmake
-- Up-to-date: /home/pmlab/Documents/match_pm_robot_unity/install/ament_cmake_export_assemblies/share/ament_cmake_export_assemblies/cmake/ament_cmake_export_assemblies-extras.cmake.in
-- Up-to-date: /home/pmlab/Documents/match_pm_robot_unity/install/ament_cmake_export_assemblies/share/ament_cmake_export_assemblies/cmake/ament_cmake_export_assemblies_package_hook.cmake
-- Up-to-date: /home/pmlab/Documents/match_pm_robot_unity/install/ament_cmake_export_assemblies/share/ament_cmake_export_assemblies/cmake/ament_export_assemblies.cmake
