[0.028s] Invoking command in '/home/pmlab/Documents/match_pm_robot_unity/build/rosidl_default_runtime': CMAKE_PREFIX_PATH=${CMAKE_PREFIX_PATH}:/home/pmlab/pm_ros2_ws/install/tf2_tools:/home/pmlab/pm_ros2_ws/install/examples_tf2_py:/home/pmlab/pm_ros2_ws/install/tf2_ros_py:/home/pmlab/pm_ros2_ws/install/sensor_msgs_py:/home/pmlab/pm_ros2_ws/install/pm_robot_control_test:/opt/ros/humble /usr/bin/cmake --build /home/pmlab/Documents/match_pm_robot_unity/build/rosidl_default_runtime -- -j12 -l12
[0.059s] Invoked command in '/home/pmlab/Documents/match_pm_robot_unity/build/rosidl_default_runtime' returned '0': CMAKE_PREFIX_PATH=${CMAKE_PREFIX_PATH}:/home/pmlab/pm_ros2_ws/install/tf2_tools:/home/pmlab/pm_ros2_ws/install/examples_tf2_py:/home/pmlab/pm_ros2_ws/install/tf2_ros_py:/home/pmlab/pm_ros2_ws/install/sensor_msgs_py:/home/pmlab/pm_ros2_ws/install/pm_robot_control_test:/opt/ros/humble /usr/bin/cmake --build /home/pmlab/Documents/match_pm_robot_unity/build/rosidl_default_runtime -- -j12 -l12
[0.084s] Invoking command in '/home/pmlab/Documents/match_pm_robot_unity/build/rosidl_default_runtime': CMAKE_PREFIX_PATH=${CMAKE_PREFIX_PATH}:/home/pmlab/pm_ros2_ws/install/tf2_tools:/home/pmlab/pm_ros2_ws/install/examples_tf2_py:/home/pmlab/pm_ros2_ws/install/tf2_ros_py:/home/pmlab/pm_ros2_ws/install/sensor_msgs_py:/home/pmlab/pm_ros2_ws/install/pm_robot_control_test:/opt/ros/humble /usr/bin/cmake --install /home/pmlab/Documents/match_pm_robot_unity/build/rosidl_default_runtime
[0.101s] -- Install configuration: ""
[0.101s] -- Up-to-date: /home/pmlab/Documents/match_pm_robot_unity/install/rosidl_default_runtime/share/ament_index/resource_index/package_run_dependencies/rosidl_default_runtime
[0.101s] -- Up-to-date: /home/pmlab/Documents/match_pm_robot_unity/install/rosidl_default_runtime/share/ament_index/resource_index/parent_prefix_path/rosidl_default_runtime
[0.101s] -- Up-to-date: /home/pmlab/Documents/match_pm_robot_unity/install/rosidl_default_runtime/share/rosidl_default_runtime/environment/ament_prefix_path.sh
[0.101s] -- Up-to-date: /home/pmlab/Documents/match_pm_robot_unity/install/rosidl_default_runtime/share/rosidl_default_runtime/environment/ament_prefix_path.dsv
[0.103s] -- Up-to-date: /home/pmlab/Documents/match_pm_robot_unity/install/rosidl_default_runtime/share/rosidl_default_runtime/environment/path.sh
[0.103s] -- Up-to-date: /home/pmlab/Documents/match_pm_robot_unity/install/rosidl_default_runtime/share/rosidl_default_runtime/environment/path.dsv
[0.104s] -- Up-to-date: /home/pmlab/Documents/match_pm_robot_unity/install/rosidl_default_runtime/share/rosidl_default_runtime/local_setup.bash
[0.104s] -- Up-to-date: /home/pmlab/Documents/match_pm_robot_unity/install/rosidl_default_runtime/share/rosidl_default_runtime/local_setup.sh
[0.104s] -- Up-to-date: /home/pmlab/Documents/match_pm_robot_unity/install/rosidl_default_runtime/share/rosidl_default_runtime/local_setup.zsh
[0.104s] -- Up-to-date: /home/pmlab/Documents/match_pm_robot_unity/install/rosidl_default_runtime/share/rosidl_default_runtime/local_setup.dsv
[0.104s] -- Installing: /home/pmlab/Documents/match_pm_robot_unity/install/rosidl_default_runtime/share/rosidl_default_runtime/package.dsv
[0.104s] -- Up-to-date: /home/pmlab/Documents/match_pm_robot_unity/install/rosidl_default_runtime/share/ament_index/resource_index/packages/rosidl_default_runtime
[0.104s] -- Up-to-date: /home/pmlab/Documents/match_pm_robot_unity/install/rosidl_default_runtime/share/rosidl_default_runtime/cmake/rosidl_default_runtime-extras.cmake
[0.104s] -- Up-to-date: /home/pmlab/Documents/match_pm_robot_unity/install/rosidl_default_runtime/share/rosidl_default_runtime/cmake/rosidl_default_runtimeConfig.cmake
[0.104s] -- Up-to-date: /home/pmlab/Documents/match_pm_robot_unity/install/rosidl_default_runtime/share/rosidl_default_runtime/cmake/rosidl_default_runtimeConfig-version.cmake
[0.104s] -- Up-to-date: /home/pmlab/Documents/match_pm_robot_unity/install/rosidl_default_runtime/share/rosidl_default_runtime/package.xml
[0.121s] Invoked command in '/home/pmlab/Documents/match_pm_robot_unity/build/rosidl_default_runtime' returned '0': CMAKE_PREFIX_PATH=${CMAKE_PREFIX_PATH}:/home/pmlab/pm_ros2_ws/install/tf2_tools:/home/pmlab/pm_ros2_ws/install/examples_tf2_py:/home/pmlab/pm_ros2_ws/install/tf2_ros_py:/home/pmlab/pm_ros2_ws/install/sensor_msgs_py:/home/pmlab/pm_ros2_ws/install/pm_robot_control_test:/opt/ros/humble /usr/bin/cmake --install /home/pmlab/Documents/match_pm_robot_unity/build/rosidl_default_runtime
